checkpoint_path: ./checkpoints/MILL-adaptive-human2-50.pth
Train: [0][10/52]	loss 0.080 (0.056)	lr  0.005	
Train: [0][20/52]	loss 0.034 (0.060)	lr  0.005	
Train: [0][30/52]	loss 0.053 (0.062)	lr  0.005	
Train: [0][40/52]	loss 0.072 (0.065)	lr  0.005	
Train: [0][50/52]	loss 0.082 (0.070)	lr  0.005	
Validation acc for epoch 1: 91.61184210526316
test acc for epoch 1: 91.09848484848484
Train: [1][8/52]	loss 0.106 (0.069)	lr  0.005	
Train: [1][18/52]	loss 0.022 (0.064)	lr  0.005	
Train: [1][28/52]	loss 0.059 (0.059)	lr  0.005	
Train: [1][38/52]	loss 0.031 (0.057)	lr  0.005	
Train: [1][48/52]	loss 0.068 (0.060)	lr  0.005	
Validation acc for epoch 2: 90.46052631578948
test acc for epoch 2: 91.5719696969697
Train: [2][6/52]	loss 0.037 (0.053)	lr  0.005	
Train: [2][16/52]	loss 0.043 (0.057)	lr  0.005	
Train: [2][26/52]	loss 0.298 (0.064)	lr  0.005	
Train: [2][36/52]	loss 0.032 (0.062)	lr  0.005	
Train: [2][46/52]	loss 0.038 (0.064)	lr  0.005	
Validation acc for epoch 3: 90.625
test acc for epoch 3: 90.71969696969697
Train: [3][4/52]	loss 0.033 (0.078)	lr  0.005	
Train: [3][14/52]	loss 0.170 (0.065)	lr  0.005	
Train: [3][24/52]	loss 0.078 (0.060)	lr  0.005	
Train: [3][34/52]	loss 0.116 (0.059)	lr  0.005	
Train: [3][44/52]	loss 0.106 (0.059)	lr  0.005	
Validation acc for epoch 4: 86.84210526315789
test acc for epoch 4: 90.15151515151516
Train: [4][2/52]	loss 0.051 (0.037)	lr  0.005	
Train: [4][12/52]	loss 0.190 (0.055)	lr  0.005	
Train: [4][22/52]	loss 0.063 (0.058)	lr  0.005	
Train: [4][32/52]	loss 0.113 (0.054)	lr  0.005	
Train: [4][42/52]	loss 0.023 (0.050)	lr  0.005	
Train: [4][52/52]	loss 0.172 (0.056)	lr  0.005	
Validation acc for epoch 5: 89.63815789473684
test acc for epoch 5: 89.96212121212122
Train: [5][10/52]	loss 0.074 (0.043)	lr  0.005	
Train: [5][20/52]	loss 0.032 (0.045)	lr  0.005	
Train: [5][30/52]	loss 0.062 (0.043)	lr  0.005	
Train: [5][40/52]	loss 0.071 (0.049)	lr  0.005	
Train: [5][50/52]	loss 0.076 (0.048)	lr  0.005	
Validation acc for epoch 6: 87.00657894736842
test acc for epoch 6: 90.15151515151516
Train: [6][8/52]	loss 0.063 (0.037)	lr  0.005	
Train: [6][18/52]	loss 0.088 (0.072)	lr  0.005	
Train: [6][28/52]	loss 0.019 (0.061)	lr  0.005	
Train: [6][38/52]	loss 0.018 (0.064)	lr  0.005	
Train: [6][48/52]	loss 0.043 (0.062)	lr  0.005	
Validation acc for epoch 7: 87.66447368421052
test acc for epoch 7: 90.9090909090909
Train: [7][6/52]	loss 0.117 (0.061)	lr  0.005	
Train: [7][16/52]	loss 0.076 (0.055)	lr  0.005	
Train: [7][26/52]	loss 0.093 (0.058)	lr  0.005	
Train: [7][36/52]	loss 0.084 (0.068)	lr  0.005	
Train: [7][46/52]	loss 0.037 (0.064)	lr  0.005	
Validation acc for epoch 8: 89.3092105263158
test acc for epoch 8: 90.43560606060606
Train: [8][4/52]	loss 0.082 (0.060)	lr  0.005	
Train: [8][14/52]	loss 0.088 (0.057)	lr  0.005	
Train: [8][24/52]	loss 0.040 (0.062)	lr  0.005	
Train: [8][34/52]	loss 0.042 (0.069)	lr  0.005	
Train: [8][44/52]	loss 0.068 (0.066)	lr  0.005	
Validation acc for epoch 9: 92.4342105263158
test acc for epoch 9: 91.85606060606061
Train: [9][2/52]	loss 0.035 (0.041)	lr  0.005	
Train: [9][12/52]	loss 0.048 (0.044)	lr  0.005	
Train: [9][22/52]	loss 0.013 (0.050)	lr  0.005	
Train: [9][32/52]	loss 0.101 (0.055)	lr  0.005	
Train: [9][42/52]	loss 0.024 (0.055)	lr  0.005	
Train: [9][52/52]	loss 0.195 (0.059)	lr  0.005	
Validation acc for epoch 10: 86.84210526315789
test acc for epoch 10: 90.71969696969697
Train: [10][10/52]	loss 0.040 (0.054)	lr  0.005	
Train: [10][20/52]	loss 0.029 (0.046)	lr  0.005	
Train: [10][30/52]	loss 0.014 (0.043)	lr  0.005	
Train: [10][40/52]	loss 0.015 (0.047)	lr  0.005	
Train: [10][50/52]	loss 0.022 (0.053)	lr  0.005	
Validation acc for epoch 11: 85.03289473684211
test acc for epoch 11: 87.59469696969697
Train: [11][8/52]	loss 0.054 (0.068)	lr  0.005	
Train: [11][18/52]	loss 0.180 (0.085)	lr  0.005	
Train: [11][28/52]	loss 0.049 (0.083)	lr  0.005	
Train: [11][38/52]	loss 0.015 (0.078)	lr  0.005	
Train: [11][48/52]	loss 0.142 (0.074)	lr  0.005	
Validation acc for epoch 12: 88.32236842105263
test acc for epoch 12: 91.00378787878788
Train: [12][6/52]	loss 0.048 (0.037)	lr  0.005	
Train: [12][16/52]	loss 0.028 (0.033)	lr  0.005	
Train: [12][26/52]	loss 0.016 (0.036)	lr  0.005	
Train: [12][36/52]	loss 0.060 (0.044)	lr  0.005	
Train: [12][46/52]	loss 0.037 (0.050)	lr  0.005	
Validation acc for epoch 13: 88.98026315789474
test acc for epoch 13: 91.19318181818181
Train: [13][4/52]	loss 0.030 (0.048)	lr  0.005	
Train: [13][14/52]	loss 0.024 (0.049)	lr  0.005	
Train: [13][24/52]	loss 0.191 (0.056)	lr  0.005	
Train: [13][34/52]	loss 0.007 (0.050)	lr  0.005	
Train: [13][44/52]	loss 0.020 (0.049)	lr  0.005	
Validation acc for epoch 14: 90.13157894736842
test acc for epoch 14: 91.66666666666667
Train: [14][2/52]	loss 0.016 (0.025)	lr  0.005	
Train: [14][12/52]	loss 0.019 (0.044)	lr  0.005	
Train: [14][22/52]	loss 0.023 (0.044)	lr  0.005	
Train: [14][32/52]	loss 0.019 (0.048)	lr  0.005	
Train: [14][42/52]	loss 0.075 (0.049)	lr  0.005	
Train: [14][52/52]	loss 0.098 (0.052)	lr  0.005	
Validation acc for epoch 15: 92.4342105263158
test acc for epoch 15: 92.23484848484848
Train: [15][10/52]	loss 0.038 (0.050)	lr  0.001	
Train: [15][20/52]	loss 0.007 (0.040)	lr  0.001	
Train: [15][30/52]	loss 0.018 (0.039)	lr  0.001	
Train: [15][40/52]	loss 0.025 (0.039)	lr  0.001	
Train: [15][50/52]	loss 0.183 (0.053)	lr  0.001	
Validation acc for epoch 16: 89.47368421052632
test acc for epoch 16: 91.85606060606061
Train: [16][8/52]	loss 0.051 (0.055)	lr  0.001	
Train: [16][18/52]	loss 0.072 (0.050)	lr  0.001	
Train: [16][28/52]	loss 0.035 (0.050)	lr  0.001	
Train: [16][38/52]	loss 0.057 (0.049)	lr  0.001	
Train: [16][48/52]	loss 0.021 (0.046)	lr  0.001	
Validation acc for epoch 17: 88.8157894736842
test acc for epoch 17: 91.76136363636364
Train: [17][6/52]	loss 0.025 (0.069)	lr  0.001	
Train: [17][16/52]	loss 0.041 (0.054)	lr  0.001	
Train: [17][26/52]	loss 0.024 (0.054)	lr  0.001	
Train: [17][36/52]	loss 0.018 (0.049)	lr  0.001	
Train: [17][46/52]	loss 0.353 (0.054)	lr  0.001	
Validation acc for epoch 18: 89.96710526315789
test acc for epoch 18: 91.09848484848484
Train: [18][4/52]	loss 0.026 (0.020)	lr  0.001	
Train: [18][14/52]	loss 0.017 (0.024)	lr  0.001	
Train: [18][24/52]	loss 0.029 (0.029)	lr  0.001	
Train: [18][34/52]	loss 0.021 (0.032)	lr  0.001	
Train: [18][44/52]	loss 0.095 (0.038)	lr  0.001	
Validation acc for epoch 19: 89.3092105263158
test acc for epoch 19: 91.66666666666667
Train: [19][2/52]	loss 0.039 (0.033)	lr  0.001	
Train: [19][12/52]	loss 0.092 (0.078)	lr  0.001	
Train: [19][22/52]	loss 0.162 (0.060)	lr  0.001	
Train: [19][32/52]	loss 0.104 (0.055)	lr  0.001	
Train: [19][42/52]	loss 0.067 (0.054)	lr  0.001	
Train: [19][52/52]	loss 0.022 (0.049)	lr  0.001	
Validation acc for epoch 20: 88.48684210526316
test acc for epoch 20: 91.28787878787878
Train: [20][10/52]	loss 0.033 (0.040)	lr  0.001	
Train: [20][20/52]	loss 0.035 (0.039)	lr  0.001	
Train: [20][30/52]	loss 0.009 (0.040)	lr  0.001	
Train: [20][40/52]	loss 0.022 (0.038)	lr  0.001	
Train: [20][50/52]	loss 0.012 (0.040)	lr  0.001	
Validation acc for epoch 21: 88.65131578947368
test acc for epoch 21: 90.9090909090909
best acc_val: 92.4342105263158 ------best acc_test: 92.23484848484848
------------------------------------------------------------------------
valid matrix: {'AUC': tensor(0.9955, device='cuda:0'), 'acc': tensor(0.9201, device='cuda:0'), 'f1-score': tensor(0.9183, device='cuda:0'), 'mcc': tensor(0.9104, device='cuda:0'), 'precision': tensor(0.9217, device='cuda:0'), 'recall': tensor(0.9201, device='cuda:0')}
test matrix:  {'AUC': tensor(0.9919, device='cuda:0'), 'acc': tensor(0.9229, device='cuda:0'), 'f1-score': tensor(0.9225, device='cuda:0'), 'mcc': tensor(0.9096, device='cuda:0'), 'precision': tensor(0.9232, device='cuda:0'), 'recall': tensor(0.9229, device='cuda:0')}
